2025-02-28 20:36:11 [INFO]: Server is running on port 3000 
2025-02-28 20:36:11 [INFO]: Environment: development 
2025-02-28 20:36:11 [INFO]: API Documentation: http://localhost:3000/api-docs 
2025-02-28 20:36:15 [INFO]: Connected to MongoDB 
2025-02-28 20:56:05 [INFO]: MongoDB disconnected 
2025-02-28 21:11:53 [INFO]: MongoDB disconnected 
2025-02-28 21:18:25 [INFO]: MongoDB disconnected 
2025-02-28 21:34:05 [INFO]: MongoDB disconnected 
2025-02-28 21:49:57 [INFO]: MongoDB disconnected 
2025-02-28 22:05:49 [INFO]: MongoDB disconnected 
2025-02-28 22:21:40 [INFO]: MongoDB disconnected 
2025-02-28 22:42:05 [INFO]: MongoDB disconnected 
2025-02-28 22:51:29 [INFO]: MongoDB disconnected 
2025-03-01 00:07:00 [INFO]: MongoDB disconnected 
2025-03-01 00:22:30 [INFO]: MongoDB disconnected 
2025-03-01 00:39:22 [INFO]: MongoDB disconnected 
2025-03-01 00:55:15 [INFO]: MongoDB disconnected 
2025-03-01 01:10:45 [INFO]: MongoDB disconnected 
2025-03-01 01:26:37 [INFO]: MongoDB disconnected 
2025-03-01 01:42:29 [INFO]: MongoDB disconnected 
2025-03-01 01:52:22 [INFO]: MongoDB disconnected 
2025-03-01 02:08:02 [INFO]: MongoDB disconnected 
2025-03-01 02:23:55 [INFO]: MongoDB disconnected 
2025-03-01 02:39:46 [INFO]: MongoDB disconnected 
2025-03-01 02:57:57 [INFO]: MongoDB disconnected 
2025-03-01 03:28:58 [INFO]: MongoDB disconnected 
2025-03-01 03:44:58 [INFO]: MongoDB disconnected 
2025-03-01 04:00:51 [INFO]: MongoDB disconnected 
2025-03-01 04:16:22 [INFO]: MongoDB disconnected 
2025-03-01 04:32:13 [INFO]: MongoDB disconnected 
2025-03-01 04:43:52 [INFO]: MongoDB disconnected 
2025-03-01 04:59:44 [INFO]: MongoDB disconnected 
2025-03-01 05:15:36 [INFO]: MongoDB disconnected 
2025-03-01 05:31:06 [INFO]: MongoDB disconnected 
2025-03-01 05:46:58 [INFO]: MongoDB disconnected 
2025-03-01 06:02:50 [INFO]: MongoDB disconnected 
2025-03-01 06:20:46 [INFO]: MongoDB disconnected 
2025-03-01 06:36:38 [INFO]: MongoDB disconnected 
2025-03-01 06:52:30 [INFO]: MongoDB disconnected 
2025-03-01 07:08:23 [INFO]: MongoDB disconnected 
2025-03-01 07:24:15 [INFO]: MongoDB disconnected 
2025-03-01 07:39:46 [INFO]: MongoDB disconnected 
2025-03-01 07:48:37 [INFO]: MongoDB disconnected 
2025-03-01 08:04:30 [INFO]: MongoDB disconnected 
2025-03-01 08:20:22 [INFO]: MongoDB disconnected 
2025-03-01 08:36:14 [INFO]: MongoDB disconnected 
2025-03-01 08:49:33 [INFO]: MongoDB disconnected 
2025-03-01 09:04:47 [INFO]: MongoDB disconnected 
2025-03-01 09:09:52 [INFO]: MongoDB disconnected 
2025-03-01 09:25:43 [INFO]: MongoDB disconnected 
2025-03-01 09:50:15 [INFO]: MongoDB disconnected 
2025-03-01 09:58:46 [INFO]: MongoDB disconnected 
2025-03-01 10:25:00 [INFO]: MongoDB disconnected 
2025-03-01 10:26:55 [INFO]: MongoDB disconnected 
2025-03-01 10:34:23 [INFO]: MongoDB disconnected 
2025-03-01 10:59:26 [INFO]: User logged in {
  "email": "ngodat.it213@gmail.com"
}
2025-03-01 11:04:46 [INFO]: User logged in {
  "email": "ngodat.it213@gmail.com"
}
2025-03-01 11:05:11 [INFO]: User logged in {
  "email": "ngodat.it213@gmail.com"
}
2025-03-01 11:05:39 [INFO]: User logged in {
  "email": "ngodat.it213@gmail.com"
}
2025-03-01 11:09:43 [INFO]: User logged in {
  "email": "ngodat.it213@gmail.com"
}
2025-03-01 11:31:46 [INFO]: User logged in {
  "email": "ngodat.it213@gmail.com"
}
2025-03-01 11:39:51 [INFO]: MongoDB disconnected 
2025-03-01 11:57:43 [INFO]: User logged in {
  "email": "ngodat.it213@gmail.com"
}
2025-03-01 12:02:04 [INFO]: User logged in {
  "email": "ngodat.it213@gmail.com"
}
2025-03-01 15:02:13 [INFO]: Server is running on port 3000 
2025-03-01 15:02:13 [INFO]: Environment: development 
2025-03-01 15:02:13 [INFO]: API Documentation: http://localhost:3000/api-docs 
2025-03-01 15:02:17 [INFO]: Connected to MongoDB 
2025-03-01 15:03:26 [INFO]: User logged in {
  "email": "ngodat.it213@gmail.com"
}
2025-03-01 15:48:51 [INFO]: User logged in {
  "email": "ngodat.it213@gmail.com"
}
2025-03-01 16:04:18 [INFO]: User logged in {
  "email": "ngodat.it213@gmail.com"
}
2025-03-01 16:34:31 [INFO]: MongoDB disconnected 
2025-03-01 16:50:22 [INFO]: MongoDB disconnected 
2025-03-01 17:06:03 [INFO]: MongoDB disconnected 
2025-03-01 17:07:52 [INFO]: MongoDB disconnected 
2025-03-01 17:18:44 [INFO]: MongoDB disconnected 
2025-03-01 17:20:13 [INFO]: User logged in {
  "email": "ngodat.it213@gmail.com"
}
2025-03-01 17:25:40 [INFO]: User logged in {
  "email": "ngodat.it213@gmail.com"
}
2025-03-01 17:37:10 [INFO]: User logged in {
  "email": "ngodat.it213@gmail.com"
}
2025-03-01 17:38:15 [INFO]: User logged in {
  "email": "ngodat.it213@gmail.com"
}
2025-03-01 17:52:59 [INFO]: User logged in {
  "email": "ngodat.it213@gmail.com"
}
2025-03-01 17:55:55 [INFO]: User logged in {
  "email": "ngodat.it213@gmail.com"
}
2025-03-01 18:03:55 [INFO]: User logged in {
  "email": "ngodat.it213@gmail.com"
}
2025-03-01 18:06:59 [INFO]: User logged in {
  "email": "ngodat.it213@gmail.com"
}
2025-03-01 18:07:30 [INFO]: User logged in {
  "email": "ngodat.it213@gmail.com"
}
2025-03-01 18:08:16 [INFO]: User logged in {
  "email": "ngodat.it213@gmail.com"
}
2025-03-01 18:08:28 [INFO]: User logged in {
  "email": "ngodat.it213@gmail.com"
}
2025-03-01 18:08:48 [INFO]: User logged in {
  "email": "ngodat.it213@gmail.com"
}
2025-03-01 18:08:54 [INFO]: User logged in {
  "email": "ngodat.it213@gmail.com"
}
2025-03-01 18:09:07 [INFO]: User logged in {
  "email": "ngodat.it213@gmail.com"
}
2025-03-01 18:10:00 [INFO]: User logged in {
  "email": "ngodat.it213@gmail.com"
}
2025-03-01 18:16:26 [INFO]: User logged in {
  "email": "ngodat.it213@gmail.com"
}
2025-03-01 18:32:49 [INFO]: User logged in {
  "email": "ngodat.it213@gmail.com"
}
2025-03-01 18:37:20 [INFO]: User logged in {
  "email": "ngodat.it213@gmail.com"
}
2025-03-01 18:38:39 [INFO]: User logged in {
  "email": "ngodat.it213@gmail.com"
}
2025-03-01 18:38:53 [INFO]: User logged in {
  "email": "ngodat.it213@gmail.com"
}
2025-03-01 18:39:06 [INFO]: User logged in {
  "email": "ngodat.it213@gmail.com"
}
2025-03-01 18:46:56 [INFO]: User logged in {
  "email": "ngodat.it213@gmail.com"
}
2025-03-01 18:47:35 [INFO]: User logged in {
  "email": "ngodat.it213@gmail.com"
}
2025-03-01 18:52:58 [INFO]: User logged in {
  "email": "ngodat.it213@gmail.com"
}
2025-03-01 18:57:52 [INFO]: User logged in {
  "email": "ngodat.it213@gmail.com"
}
2025-03-01 19:10:58 [INFO]: User logged in {
  "email": "ngodat.it213@gmail.com"
}
2025-03-01 19:11:16 [INFO]: User logged in {
  "email": "ngodat.it213@gmail.com"
}
2025-03-01 19:12:09 [INFO]: User logged in {
  "email": "ngodat.it213@gmail.com"
}
2025-03-01 19:50:31 [INFO]: MongoDB disconnected 
2025-03-02 15:42:44 [INFO]: Server is running on port 3000 
2025-03-02 15:42:44 [INFO]: Environment: development 
2025-03-02 15:42:44 [INFO]: API Documentation: http://localhost:3000/api-docs 
2025-03-02 15:42:47 [INFO]: Connected to MongoDB 
2025-03-06 18:02:24 [INFO]: Server is running on port 3000 
2025-03-06 18:02:24 [INFO]: Environment: development 
2025-03-06 18:02:24 [INFO]: API Documentation: http://localhost:3000/api-docs 
2025-03-06 18:02:28 [INFO]: Connected to MongoDB 
2025-03-06 19:24:07 [INFO]: MongoDB disconnected 
2025-03-06 19:32:02 [INFO]: MongoDB disconnected 
2025-03-06 19:47:53 [INFO]: MongoDB disconnected 
2025-03-06 19:51:29 [INFO]: MongoDB disconnected 
2025-03-06 20:08:07 [INFO]: MongoDB disconnected 
2025-03-06 20:23:59 [INFO]: MongoDB disconnected 
2025-03-06 20:39:52 [INFO]: MongoDB disconnected 
2025-03-06 20:55:22 [INFO]: MongoDB disconnected 
2025-03-06 21:11:14 [INFO]: MongoDB disconnected 
2025-03-06 21:25:24 [INFO]: MongoDB disconnected 
2025-03-06 21:41:12 [INFO]: MongoDB disconnected 
2025-03-06 21:56:52 [INFO]: MongoDB disconnected 
2025-03-06 22:00:21 [INFO]: MongoDB disconnected 
2025-03-06 22:16:12 [INFO]: MongoDB disconnected 
2025-03-06 22:26:30 [INFO]: MongoDB disconnected 
2025-03-06 22:42:00 [INFO]: MongoDB disconnected 
2025-03-06 22:57:52 [INFO]: MongoDB disconnected 
2025-03-06 23:13:44 [INFO]: MongoDB disconnected 
2025-03-06 23:27:25 [INFO]: MongoDB disconnected 
2025-03-06 23:54:41 [INFO]: MongoDB disconnected 
2025-03-06 23:58:29 [INFO]: MongoDB disconnected 
2025-03-07 00:24:08 [INFO]: MongoDB disconnected 
2025-03-07 01:10:31 [INFO]: MongoDB disconnected 
2025-03-07 01:26:21 [INFO]: MongoDB disconnected 
2025-03-07 01:42:41 [INFO]: MongoDB disconnected 
2025-03-07 01:58:31 [INFO]: MongoDB disconnected 
2025-03-07 02:14:29 [INFO]: MongoDB disconnected 
2025-03-07 02:32:21 [INFO]: MongoDB disconnected 
2025-03-07 02:37:25 [INFO]: MongoDB disconnected 
2025-03-07 02:53:17 [INFO]: MongoDB disconnected 
2025-03-07 03:09:54 [INFO]: MongoDB disconnected 
2025-03-07 03:26:36 [INFO]: MongoDB disconnected 
2025-03-07 03:42:28 [INFO]: MongoDB disconnected 
2025-03-07 04:01:00 [INFO]: MongoDB disconnected 
2025-03-07 04:11:13 [INFO]: MongoDB disconnected 
2025-03-07 04:26:43 [INFO]: MongoDB disconnected 
2025-03-07 04:42:35 [INFO]: MongoDB disconnected 
2025-03-07 04:58:26 [INFO]: MongoDB disconnected 
2025-03-07 05:12:10 [INFO]: MongoDB disconnected 
2025-03-07 05:28:01 [INFO]: MongoDB disconnected 
2025-03-07 05:43:53 [INFO]: MongoDB disconnected 
2025-03-07 05:59:45 [INFO]: MongoDB disconnected 
2025-03-07 06:02:20 [INFO]: MongoDB disconnected 
2025-03-07 06:12:57 [INFO]: MongoDB disconnected 
2025-03-07 06:28:57 [INFO]: MongoDB disconnected 
2025-03-07 06:44:48 [INFO]: MongoDB disconnected 
2025-03-07 07:00:40 [INFO]: MongoDB disconnected 
2025-03-07 07:14:04 [INFO]: MongoDB disconnected 
2025-03-07 07:18:49 [INFO]: MongoDB disconnected 
2025-03-07 07:29:35 [INFO]: MongoDB disconnected 
2025-03-07 07:45:27 [INFO]: MongoDB disconnected 
2025-03-07 07:50:37 [INFO]: MongoDB disconnected 
2025-03-07 08:06:29 [INFO]: MongoDB disconnected 
2025-03-07 08:14:55 [INFO]: MongoDB disconnected 
2025-03-07 08:31:13 [INFO]: MongoDB disconnected 
2025-03-07 08:46:53 [INFO]: MongoDB disconnected 
2025-03-07 09:02:45 [INFO]: MongoDB disconnected 
2025-03-07 09:16:13 [INFO]: MongoDB disconnected 
2025-03-07 09:32:04 [INFO]: MongoDB disconnected 
2025-03-07 09:47:56 [INFO]: MongoDB disconnected 
2025-03-07 10:03:48 [INFO]: MongoDB disconnected 
2025-03-07 10:16:54 [INFO]: MongoDB disconnected 
2025-03-07 10:32:59 [INFO]: MongoDB disconnected 
2025-03-07 10:48:59 [INFO]: MongoDB disconnected 
2025-03-07 11:04:51 [INFO]: MongoDB disconnected 
2025-03-07 11:12:05 [INFO]: MongoDB disconnected 
2025-03-07 11:17:56 [INFO]: MongoDB disconnected 
2025-03-07 11:34:38 [INFO]: MongoDB disconnected 
2025-03-07 12:19:09 [INFO]: MongoDB disconnected 
2025-03-07 12:20:42 [INFO]: MongoDB disconnected 
2025-03-07 12:22:20 [INFO]: MongoDB disconnected 
2025-03-07 12:38:21 [INFO]: MongoDB disconnected 
2025-03-07 12:57:46 [INFO]: MongoDB disconnected 
2025-03-07 13:13:38 [INFO]: MongoDB disconnected 
2025-03-07 13:20:06 [INFO]: MongoDB disconnected 
2025-03-07 13:35:58 [INFO]: MongoDB disconnected 
2025-03-07 13:45:36 [INFO]: MongoDB disconnected 
2025-03-07 14:35:07 [INFO]: MongoDB disconnected 
2025-03-07 14:42:05 [INFO]: MongoDB disconnected 
2025-03-07 15:13:11 [INFO]: MongoDB disconnected 
2025-03-07 15:29:02 [INFO]: MongoDB disconnected 
2025-03-07 15:44:55 [INFO]: MongoDB disconnected 
2025-03-07 16:00:47 [INFO]: MongoDB disconnected 
2025-03-07 16:16:18 [INFO]: MongoDB disconnected 
2025-03-07 16:18:25 [INFO]: MongoDB disconnected 
2025-03-07 16:33:04 [INFO]: MongoDB disconnected 
2025-03-07 16:37:02 [INFO]: MongoDB disconnected 
2025-03-07 17:06:30 [INFO]: MongoDB disconnected 
2025-03-11 14:02:27 [INFO]: Server is running on port 3000 
2025-03-11 14:02:27 [INFO]: Environment: development 
2025-03-11 14:02:27 [INFO]: API Documentation: http://localhost:3000/api-docs 
2025-03-11 14:02:30 [INFO]: Connected to MongoDB 
2025-03-11 14:03:39 [ERROR]: Invalid email or password {
  "code": 401
}
2025-03-11 14:03:39 [ERROR]: Invalid email or password {
  "path": "/api/auth/login",
  "method": "POST",
  "body": {
    "email": "ngodat.it213@gmail.com",
    "password": "Code26102003"
  },
  "error": {
    "code": 401,
    "success": false
  }
}
2025-03-11 14:04:08 [ERROR]: Invalid email or password {
  "code": 401
}
2025-03-11 14:04:08 [ERROR]: Invalid email or password {
  "path": "/api/auth/login",
  "method": "POST",
  "body": {
    "email": "ngodat.it213@gmail.com",
    "password": "Code26102003#!@"
  },
  "error": {
    "code": 401,
    "success": false
  }
}
2025-03-11 14:04:29 [ERROR]: Invalid email or password {
  "code": 401
}
2025-03-11 14:04:29 [ERROR]: Invalid email or password {
  "path": "/api/auth/login",
  "method": "POST",
  "body": {
    "email": "ngodat.it213@gmail.com",
    "password": "Code26102003#!@"
  },
  "error": {
    "code": 401,
    "success": false
  }
}
2025-03-11 14:04:36 [INFO]: User logged in {
  "email": "ngodat.it213@gmail.com"
}
2025-03-11 14:07:53 [INFO]: User logged in {
  "email": "ngodat.it213@gmail.com"
}
2025-03-11 14:11:48 [INFO]: MongoDB disconnected 
2025-03-11 14:14:05 [INFO]: User logged in {
  "email": "ngodat.it213@gmail.com"
}
2025-03-11 14:32:14 [INFO]: MongoDB disconnected 
2025-03-11 14:35:38 [INFO]: Server is running on port 3000 
2025-03-11 14:35:38 [INFO]: Environment: development 
2025-03-11 14:35:38 [INFO]: API Documentation: http://localhost:3000/api-docs 
2025-03-11 14:35:42 [INFO]: Connected to MongoDB 
2025-03-11 14:37:50 [INFO]: Server is running on port 3333 
2025-03-11 14:37:50 [INFO]: Environment: development 
2025-03-11 14:37:50 [INFO]: API Documentation: http://localhost:3333/api-docs 
2025-03-11 14:37:53 [INFO]: Connected to MongoDB 
2025-03-11 14:38:26 [INFO]: User logged in {
  "email": "ngodat.it213@gmail.com"
}
2025-03-11 14:39:25 [ERROR]: Invalid token {
  "path": "/api/users/profile",
  "method": "GET",
  "body": {},
  "error": {
    "code": 401,
    "success": false
  }
}
2025-03-11 14:50:03 [ERROR]: Invalid email or password {
  "code": 401
}
2025-03-11 14:50:03 [ERROR]: Invalid email or password {
  "path": "/api/auth/login",
  "method": "POST",
  "body": {
    "email": "ngodat.it213@gmail.com",
    "password": "Code26102003"
  },
  "error": {
    "code": 401,
    "success": false
  }
}
2025-03-11 14:50:11 [INFO]: User logged in {
  "email": "ngodat.it213@gmail.com"
}
2025-03-11 14:53:31 [INFO]: User logged in {
  "email": "ngodat.it213@gmail.com"
}
2025-03-11 14:55:35 [INFO]: User logged in {
  "email": "ngodat.it213@gmail.com"
}
2025-03-11 14:56:54 [INFO]: User logged in {
  "email": "ngodat.it213@gmail.com"
}
2025-03-11 15:25:39 [INFO]: User logged in {
  "email": "ngodat.it213@gmail.com"
}
2025-03-11 15:30:03 [INFO]: User logged in {
  "email": "ngodat.it213@gmail.com"
}
2025-03-11 15:30:26 [INFO]: User logged in {
  "email": "ngodat.it213@gmail.com"
}
2025-03-11 15:32:04 [INFO]: User logged in {
  "email": "ngodat.it213@gmail.com"
}
2025-03-11 15:32:53 [INFO]: User logged in {
  "email": "ngodat.it213@gmail.com"
}
2025-03-11 15:33:20 [INFO]: User logged in {
  "email": "ngodat.it213@gmail.com"
}
2025-03-11 15:34:52 [INFO]: User logged in {
  "email": "ngodat.it213@gmail.com"
}
2025-03-11 15:35:11 [INFO]: User logged in {
  "email": "ngodat.it213@gmail.com"
}
2025-03-11 15:36:11 [INFO]: User logged in {
  "email": "ngodat.it213@gmail.com"
}
2025-03-11 15:36:47 [INFO]: User logged in {
  "email": "ngodat.it213@gmail.com"
}
2025-03-11 15:37:27 [INFO]: User logged in {
  "email": "ngodat.it213@gmail.com"
}
2025-03-11 16:00:55 [INFO]: User logged in {
  "email": "ngodat.it213@gmail.com"
}
2025-03-11 16:01:59 [INFO]: User logged in {
  "email": "ngodat.it213@gmail.com"
}
2025-03-11 16:02:54 [INFO]: User logged in {
  "email": "ngodat.it213@gmail.com"
}
2025-03-11 16:04:12 [INFO]: User logged in {
  "email": "ngodat.it213@gmail.com"
}
2025-03-11 16:06:29 [INFO]: User logged in {
  "email": "ngodat.it213@gmail.com"
}
2025-03-11 16:11:32 [INFO]: User logged in {
  "email": "ngodat.it213@gmail.com"
}
2025-03-11 16:30:18 [INFO]: MongoDB disconnected 
2025-03-11 16:42:26 [INFO]: Server is running on port 3333 
2025-03-11 16:42:26 [INFO]: Environment: development 
2025-03-11 16:42:26 [INFO]: API Documentation: http://localhost:3333/api-docs 
2025-03-11 16:42:29 [INFO]: Connected to MongoDB 
2025-03-11 16:42:29 [ERROR]: Invalid token {
  "path": "/api/users/profile",
  "method": "GET",
  "body": {},
  "error": {
    "code": 401,
    "success": false
  }
}
2025-03-11 16:44:07 [INFO]: Server is running on port 3333 
2025-03-11 16:44:07 [INFO]: Environment: development 
2025-03-11 16:44:07 [INFO]: API Documentation: http://localhost:3333/api-docs 
2025-03-11 16:44:10 [INFO]: Connected to MongoDB 
2025-03-11 16:50:37 [INFO]: User logged in {
  "email": "ngodat.it213@gmail.com"
}
2025-03-11 16:51:02 [INFO]: User logged in {
  "email": "ngodat.it213@gmail.com"
}
2025-03-11 16:52:06 [INFO]: User logged in {
  "email": "ngodat.it213@gmail.com"
}
2025-03-11 16:52:32 [INFO]: User logged in {
  "email": "ngodat.it213@gmail.com"
}
2025-03-11 16:53:39 [INFO]: User logged in {
  "email": "ngodat.it213@gmail.com"
}
2025-03-11 16:54:01 [INFO]: User logged in {
  "email": "ngodat.it213@gmail.com"
}
2025-03-11 16:55:10 [INFO]: User logged in {
  "email": "ngodat.it213@gmail.com"
}
2025-03-11 16:57:23 [INFO]: User logged in {
  "email": "ngodat.it213@gmail.com"
}
2025-03-11 16:58:05 [INFO]: User logged in {
  "email": "ngodat.it213@gmail.com"
}
2025-03-11 16:59:51 [INFO]: User logged in {
  "email": "ngodat.it213@gmail.com"
}
2025-03-11 17:03:22 [INFO]: User logged in {
  "email": "ngodat.it213@gmail.com"
}
2025-03-11 17:04:48 [INFO]: User logged in {
  "email": "ngodat.it213@gmail.com"
}
2025-03-11 17:09:46 [INFO]: User logged in {
  "email": "ngodat.it213@gmail.com"
}
2025-03-11 17:16:13 [INFO]: User logged in {
  "email": "ngodat.it213@gmail.com"
}
2025-03-11 17:16:49 [INFO]: User logged in {
  "email": "ngodat.it213@gmail.com"
}
2025-03-11 17:17:40 [INFO]: User logged in {
  "email": "ngodat.it213@gmail.com"
}
2025-03-11 17:20:20 [INFO]: Server is running on port 3333 
2025-03-11 17:20:20 [INFO]: Environment: development 
2025-03-11 17:20:20 [INFO]: API Documentation: http://localhost:3333/api-docs 
2025-03-11 17:20:24 [INFO]: Connected to MongoDB 
2025-03-11 17:21:05 [INFO]: Server is running on port 3333 
2025-03-11 17:21:05 [INFO]: Environment: development 
2025-03-11 17:21:05 [INFO]: API Documentation: http://localhost:3333/api-docs 
2025-03-11 17:21:07 [INFO]: Server is running on port 3333 
2025-03-11 17:21:07 [INFO]: Environment: development 
2025-03-11 17:21:07 [INFO]: API Documentation: http://localhost:3333/api-docs 
2025-03-11 17:21:10 [INFO]: Connected to MongoDB 
2025-03-11 17:21:23 [INFO]: Server is running on port 3333 
2025-03-11 17:21:23 [INFO]: Environment: development 
2025-03-11 17:21:23 [INFO]: API Documentation: http://localhost:3333/api-docs 
2025-03-11 17:21:26 [INFO]: Connected to MongoDB 
2025-03-11 17:21:54 [INFO]: Server is running on port 3333 
2025-03-11 17:21:54 [INFO]: Environment: development 
2025-03-11 17:21:54 [INFO]: API Documentation: http://localhost:3333/api-docs 
2025-03-11 17:21:58 [INFO]: Connected to MongoDB 
2025-03-11 17:22:01 [INFO]: Server is running on port 3333 
2025-03-11 17:22:01 [INFO]: Environment: development 
2025-03-11 17:22:01 [INFO]: API Documentation: http://localhost:3333/api-docs 
2025-03-11 17:22:04 [INFO]: Connected to MongoDB 
2025-03-11 17:23:39 [INFO]: Server is running on port 3333 
2025-03-11 17:23:39 [INFO]: Environment: development 
2025-03-11 17:23:39 [INFO]: API Documentation: http://localhost:3333/api-docs 
2025-03-11 17:23:42 [INFO]: Connected to MongoDB 
2025-03-11 17:23:45 [INFO]: Server is running on port 3333 
2025-03-11 17:23:45 [INFO]: Environment: development 
2025-03-11 17:23:45 [INFO]: API Documentation: http://localhost:3333/api-docs 
2025-03-11 17:23:48 [INFO]: Connected to MongoDB 
2025-03-11 17:24:51 [INFO]: Server is running on port 3333 
2025-03-11 17:24:51 [INFO]: Environment: development 
2025-03-11 17:24:51 [INFO]: API Documentation: http://localhost:3333/api-docs 
2025-03-11 17:24:54 [INFO]: Connected to MongoDB 
2025-03-11 17:34:33 [INFO]: Server is running on port 3333 
2025-03-11 17:34:33 [INFO]: Environment: development 
2025-03-11 17:34:33 [INFO]: API Documentation: http://localhost:3333/api-docs 
2025-03-11 17:34:36 [INFO]: Connected to MongoDB 
2025-03-11 17:49:15 [INFO]: MongoDB disconnected 
2025-03-11 17:50:09 [INFO]: User logged in {
  "email": "ngodat.it213@gmail.com"
}
2025-03-11 17:51:44 [ERROR]: Dữ liệu không hợp lệ {
  "path": "/api/users/profile",
  "method": "PUT",
  "body": {
    "first_name": "Hydra",
    "last_name": "Coder",
    "working_at": "AWS",
    "address": "District 9, Ho Chi Minh City, Viet Nam",
    "about": "Tempor est officia sunt dolore et proident ullamco est voluptate laboris laborum laborum sit. Ullamco minim dolor cillum cillum eiusmod minim amet tempor anim. Dolore pariatur ipsum ad ullamco consectetur quis dolore. Excepteur ullamco deserunt occaecat quis enim aliqua excepteur reprehenderit irure ad ullamco. Magna laboris in tempor do cillum nisi. Laboris duis veniam labore veniam."
  },
  "error": {
    "code": 400,
    "success": false,
    "error": {
      "undefined": "value must have at least 1 key"
    }
  }
}
2025-03-11 17:52:13 [ERROR]: Dữ liệu không hợp lệ {
  "path": "/api/users/profile",
  "method": "PUT",
  "body": {
    "first_name": "Hydra",
    "last_name": "Coder",
    "working_at": "AWS",
    "address": "District 9, Ho Chi Minh City, Viet Nam",
    "about": "Tempor est officia sunt dolore et proident ullamco est voluptate laboris laborum laborum sit. Ullamco minim dolor cillum cillum eiusmod minim amet tempor anim. Dolore pariatur ipsum ad ullamco consectetur quis dolore. Excepteur ullamco deserunt occaecat quis enim aliqua excepteur reprehenderit irure ad ullamco. Magna laboris in tempor do cillum nisi. Laboris duis veniam labore veniam."
  },
  "error": {
    "code": 400,
    "success": false,
    "error": {
      "undefined": "value must have at least 1 key"
    }
  }
}
2025-03-11 17:53:35 [ERROR]: Dữ liệu không hợp lệ {
  "path": "/api/users/profile",
  "method": "PUT",
  "body": {
    "first_name": "Hydra",
    "last_name": "Coder",
    "working_at": "AWS",
    "address": "District 9, Ho Chi Minh City, Viet Nam",
    "about": "Tempor est officia sunt dolore et proident ullamco est voluptate laboris laborum laborum sit. Ullamco minim dolor cillum cillum eiusmod minim amet tempor anim. Dolore pariatur ipsum ad ullamco consectetur quis dolore. Excepteur ullamco deserunt occaecat quis enim aliqua excepteur reprehenderit irure ad ullamco. Magna laboris in tempor do cillum nisi. Laboris duis veniam labore veniam."
  },
  "error": {
    "code": 400,
    "success": false,
    "error": {
      "undefined": "value must have at least 1 key"
    }
  }
}
2025-03-11 17:54:18 [ERROR]: Dữ liệu không hợp lệ {
  "path": "/api/users/profile",
  "method": "PUT",
  "body": {
    "first_name": "Hydra"
  },
  "error": {
    "code": 400,
    "success": false,
    "error": {
      "undefined": "value must have at least 1 key"
    }
  }
}
2025-03-11 17:54:32 [ERROR]: Dữ liệu không hợp lệ {
  "path": "/api/users/profile",
  "method": "PUT",
  "body": {
    "first_name": "Hydra",
    "last_name": "Coder",
    "working_at": "AWS",
    "address": "District 9, Ho Chi Minh City, Viet Nam",
    "about": "Tempor est officia sunt dolore et proident ullamco est voluptate laboris laborum laborum sit. "
  },
  "error": {
    "code": 400,
    "success": false,
    "error": {
      "undefined": "value must have at least 1 key"
    }
  }
}
2025-03-11 17:55:06 [ERROR]: Dữ liệu không hợp lệ {
  "path": "/api/users/profile",
  "method": "PUT",
  "body": {
    "first_name": "Hydra",
    "last_name": "Coder",
    "working_at": "AWS",
    "address": "District 9, Ho Chi Minh City, Viet Nam",
    "about": "Tempor est officia sunt dolore et proident ullamco est voluptate laboris laborum laborum sit. Ullamco minim dolor cillum cillum eiusmod minim amet tempor anim. Dolore pariatur ipsum ad ullamco consectetur quis dolore. Excepteur ullamco deserunt occaecat quis enim aliqua excepteur reprehenderit irure ad ullamco. Magna laboris in tempor do cillum nisi. Laboris duis veniam labore veniam."
  },
  "error": {
    "code": 400,
    "success": false,
    "error": {
      "undefined": "value must have at least 1 key"
    }
  }
}
2025-03-11 17:55:14 [ERROR]: Dữ liệu không hợp lệ {
  "path": "/api/users/profile",
  "method": "PUT",
  "body": {
    "first_name": "Hydra",
    "last_name": "Coder",
    "working_at": "AWS",
    "address": "District 9, Ho Chi Minh City, Viet Nam",
    "about": "Tempor est officia sunt dolore et proident ullamco est voluptate laboris laborum laborum sit. Ullamco minim dolor cillum cillum eiusmod minim amet tempor anim. Dolore pariatur ipsum ad ullamco consectetur quis dolore. Excepteur ullamco deserunt occaecat quis enim aliqua excepteur reprehenderit irure ad ullamco. Magna laboris in tempor do cillum nisi. Laboris duis veniam labore veniam."
  },
  "error": {
    "code": 400,
    "success": false,
    "error": {
      "undefined": "value must have at least 1 key"
    }
  }
}
2025-03-11 17:55:47 [INFO]: Server is running on port 3333 
2025-03-11 17:55:47 [INFO]: Environment: development 
2025-03-11 17:55:47 [INFO]: API Documentation: http://localhost:3333/api-docs 
2025-03-11 17:55:52 [INFO]: Connected to MongoDB 
2025-03-11 17:55:54 [ERROR]: User not found {
  "code": 404
}
2025-03-11 17:55:54 [ERROR]: User not found {
  "path": "/api/users/profile",
  "method": "PUT",
  "body": {
    "first_name": "Hydra",
    "last_name": "Coder",
    "working_at": "AWS",
    "address": "District 9, Ho Chi Minh City, Viet Nam",
    "about": "Tempor est officia sunt dolore et proident ullamco est voluptate laboris laborum laborum sit. Ullamco minim dolor cillum cillum eiusmod minim amet tempor anim. Dolore pariatur ipsum ad ullamco consectetur quis dolore. Excepteur ullamco deserunt occaecat quis enim aliqua excepteur reprehenderit irure ad ullamco. Magna laboris in tempor do cillum nisi. Laboris duis veniam labore veniam."
  },
  "error": {
    "code": 404,
    "success": false
  }
}
2025-03-11 17:56:06 [INFO]: Server is running on port 3333 
2025-03-11 17:56:06 [INFO]: Environment: development 
2025-03-11 17:56:06 [INFO]: API Documentation: http://localhost:3333/api-docs 
2025-03-11 17:56:09 [INFO]: Connected to MongoDB 
2025-03-11 17:56:14 [INFO]: Profile updated {}
2025-03-11 17:57:26 [INFO]: Server is running on port 3333 
2025-03-11 17:57:26 [INFO]: Environment: development 
2025-03-11 17:57:26 [INFO]: API Documentation: http://localhost:3333/api-docs 
2025-03-11 17:57:29 [INFO]: Connected to MongoDB 
2025-03-11 17:59:08 [INFO]: Server is running on port 3333 
2025-03-11 17:59:08 [INFO]: Environment: development 
2025-03-11 17:59:08 [INFO]: API Documentation: http://localhost:3333/api-docs 
2025-03-11 17:59:12 [INFO]: Connected to MongoDB 
2025-03-11 18:01:07 [INFO]: Server is running on port 3333 
2025-03-11 18:01:07 [INFO]: Environment: development 
2025-03-11 18:01:07 [INFO]: API Documentation: http://localhost:3333/api-docs 
2025-03-11 18:01:10 [INFO]: Connected to MongoDB 
2025-03-11 18:02:51 [INFO]: User logged in {
  "email": "ngodat.it213@gmail.com"
}
2025-03-11 18:04:01 [INFO]: User logged in {
  "email": "ngodat.it213@gmail.com"
}
2025-03-11 18:05:42 [INFO]: Server is running on port 3333 
2025-03-11 18:05:42 [INFO]: Environment: development 
2025-03-11 18:05:42 [INFO]: API Documentation: http://localhost:3333/api-docs 
2025-03-11 18:05:45 [INFO]: Connected to MongoDB 
2025-03-11 18:06:19 [INFO]: Profile updated {
  "userId": "67c05fa139552b1e8f2d900d"
}
2025-03-11 18:07:19 [INFO]: User logged in {
  "email": "ngodat.it213@gmail.com"
}
2025-03-11 18:08:11 [INFO]: User logged in {
  "email": "ngodat.it213@gmail.com"
}
2025-03-11 18:14:16 [INFO]: User logged in {
  "email": "ngodat.it213@gmail.com"
}
2025-03-11 18:16:00 [INFO]: User logged in {
  "email": "ngodat.it213@gmail.com"
}
2025-03-11 18:19:39 [INFO]: User logged in {
  "email": "ngodat.it213@gmail.com"
}
2025-03-11 18:19:59 [INFO]: User logged in {
  "email": "ngodat.it213@gmail.com"
}
2025-03-11 18:34:36 [INFO]: Server is running on port 3333 
2025-03-11 18:34:36 [INFO]: Environment: development 
2025-03-11 18:34:36 [INFO]: API Documentation: http://localhost:3333/api-docs 
2025-03-11 18:34:37 [INFO]: Server is running on port 3333 
2025-03-11 18:34:37 [INFO]: Environment: development 
2025-03-11 18:34:37 [INFO]: API Documentation: http://localhost:3333/api-docs 
2025-03-11 18:34:40 [INFO]: Connected to MongoDB 
2025-03-11 18:35:03 [ERROR]: Invalid token {
  "path": "/api/users/teachers",
  "method": "GET",
  "body": {},
  "error": {
    "code": 401,
    "success": false
  }
}
2025-03-11 18:36:01 [ERROR]: user.teacherNotFound {
  "code": 404
}
2025-03-11 18:36:01 [ERROR]: user.teacherNotFound {
  "path": "/api/users/teachers/67c05fa139552b1e8f2d900d",
  "method": "GET",
  "body": {},
  "error": {
    "code": 404,
    "success": false
  }
}
2025-03-11 18:39:54 [INFO]: Server is running on port 3333 
2025-03-11 18:39:54 [INFO]: Environment: development 
2025-03-11 18:39:54 [INFO]: API Documentation: http://localhost:3333/api-docs 
2025-03-11 18:39:57 [INFO]: Connected to MongoDB 
2025-03-11 19:31:07 [INFO]: MongoDB disconnected 
2025-03-11 19:47:05 [INFO]: User logged in {
  "email": "ngodat.it213@gmail.com"
}
2025-03-11 19:47:08 [ERROR]: sanitizedUser is not defined {}
2025-03-11 19:47:08 [ERROR]: sanitizedUser is not defined {
  "path": "/api/users/profile",
  "method": "GET",
  "body": {},
  "error": {}
}
2025-03-11 19:48:17 [INFO]: Server is running on port 3333 
2025-03-11 19:48:17 [INFO]: Environment: development 
2025-03-11 19:48:17 [INFO]: API Documentation: http://localhost:3333/api-docs 
2025-03-11 19:48:19 [INFO]: Server is running on port 3333 
2025-03-11 19:48:19 [INFO]: Environment: development 
2025-03-11 19:48:19 [INFO]: API Documentation: http://localhost:3333/api-docs 
2025-03-11 19:48:23 [INFO]: Connected to MongoDB 
2025-03-11 19:48:26 [INFO]: User logged in {
  "email": "ngodat.it213@gmail.com"
}
2025-03-11 19:48:59 [INFO]: User logged in {
  "email": "ngodat.it213@gmail.com"
}
2025-03-11 19:49:27 [INFO]: User logged in {
  "email": "ngodat.it213@gmail.com"
}
2025-03-11 19:50:01 [INFO]: User logged in {
  "email": "ngodat.it213@gmail.com"
}
2025-03-11 19:51:07 [INFO]: User logged in {
  "email": "ngodat.it213@gmail.com"
}
2025-03-11 19:58:47 [INFO]: User logged in {
  "email": "ngodat.it213@gmail.com"
}
2025-03-11 20:15:35 [INFO]: MongoDB disconnected 
2025-03-11 20:31:22 [INFO]: MongoDB disconnected 
2025-03-11 20:36:13 [INFO]: MongoDB disconnected 
2025-03-11 20:52:21 [INFO]: User logged in {
  "email": "ngodat.it213@gmail.com"
}
2025-03-11 20:52:46 [INFO]: User logged in {
  "email": "ngodat.it213@gmail.com"
}
2025-03-11 20:54:17 [INFO]: User logged in {
  "email": "ngodat.it213@gmail.com"
}
2025-03-11 20:55:30 [INFO]: User logged in {
  "email": "ngodat.it213@gmail.com"
}
2025-03-11 20:55:48 [ERROR]: Invalid token {
  "path": "/api/users/teachers/67c05fa139552b1e8f2d900d",
  "method": "GET",
  "body": {},
  "error": {
    "code": 401,
    "success": false
  }
}
2025-03-11 20:56:28 [INFO]: Server is running on port 3333 
2025-03-11 20:56:28 [INFO]: Environment: development 
2025-03-11 20:56:28 [INFO]: API Documentation: http://localhost:3333/api-docs 
2025-03-11 20:56:31 [INFO]: Connected to MongoDB 
2025-03-11 20:56:37 [INFO]: User logged in {
  "email": "ngodat.it213@gmail.com"
}
2025-03-11 20:58:25 [INFO]: User logged in {
  "email": "ngodat.it213@gmail.com"
}
2025-03-11 20:59:34 [INFO]: User logged in {
  "email": "ngodat.it213@gmail.com"
}
2025-03-11 21:01:43 [INFO]: User logged in {
  "email": "ngodat.it213@gmail.com"
}
2025-03-11 21:04:06 [INFO]: User logged in {
  "email": "ngodat.it213@gmail.com"
}
2025-03-11 21:05:01 [INFO]: User logged in {
  "email": "ngodat.it213@gmail.com"
}
2025-03-11 21:12:26 [INFO]: User logged in {
  "email": "ngodat.it213@gmail.com"
}
2025-03-11 21:13:14 [INFO]: User logged in {
  "email": "ngodat.it213@gmail.com"
}
2025-03-11 21:20:06 [INFO]: User logged in {
  "email": "ngodat.it213@gmail.com"
}
2025-03-11 21:21:27 [INFO]: User logged in {
  "email": "ngodat.it213@gmail.com"
}
2025-03-11 21:22:03 [INFO]: User logged in {
  "email": "ngodat.it213@gmail.com"
}
2025-03-11 21:23:39 [INFO]: User logged in {
  "email": "ngodat.it213@gmail.com"
}
2025-03-11 21:29:48 [INFO]: User logged in {
  "email": "ngodat.it213@gmail.com"
}
2025-03-11 21:34:39 [INFO]: User logged in {
  "email": "ngodat.it213@gmail.com"
}
2025-03-11 21:37:15 [INFO]: User logged in {
  "email": "ngodat.it213@gmail.com"
}
2025-03-11 21:38:20 [INFO]: User logged in {
  "email": "ngodat.it213@gmail.com"
}
2025-03-11 21:39:29 [INFO]: User logged in {
  "email": "ngodat.it213@gmail.com"
}
2025-03-11 21:43:44 [INFO]: User logged in {
  "email": "ngodat.it213@gmail.com"
}
2025-03-11 21:44:48 [INFO]: User logged in {
  "email": "ngodat.it213@gmail.com"
}
2025-03-11 21:50:46 [INFO]: User logged in {
  "email": "ngodat.it213@gmail.com"
}
2025-03-11 21:52:33 [ERROR]: Dữ liệu không hợp lệ {
  "path": "/api/auth/register",
  "method": "POST",
  "body": {
    "first_name": "John",
    "last_name": "Doe",
    "email": "john.doe@gmail.com",
    "password": "123456"
  },
  "error": {
    "code": 400,
    "success": false,
    "error": {
      "password": "Mật khẩu phải chứa ít nhất 1 chữ hoa, 1 chữ thường và 1 số"
    }
  }
}
2025-03-11 21:52:40 [ERROR]: Dữ liệu không hợp lệ {
  "path": "/api/auth/register",
  "method": "POST",
  "body": {
    "first_name": "John",
    "last_name": "Doe",
    "email": "john.doe@gmail.com",
    "password": "123456789"
  },
  "error": {
    "code": 400,
    "success": false,
    "error": {
      "password": "Mật khẩu phải chứa ít nhất 1 chữ hoa, 1 chữ thường và 1 số"
    }
  }
}
2025-03-11 21:52:51 [INFO]: User registered successfully {
  "userId": "67d04e3e249a2b1e742deab9"
}
2025-03-11 21:52:51 [INFO]: User registered {
  "email": "john.doe@gmail.com"
}
2025-03-11 21:54:38 [INFO]: Mobile user registered {
  "userId": "67d04ea9249a2b1e742deabd"
}
2025-03-11 21:54:38 [INFO]: Mobile user registered {
  "email": "nguyenngoccattuong04554@gmail.com"
}
2025-03-11 21:55:09 [INFO]: OTP verified successfully {
  "email": "nguyenngoccattuong04554@gmail.com"
}
2025-03-11 21:55:09 [INFO]: OTP verified {
  "email": "nguyenngoccattuong04554@gmail.com"
}
2025-03-11 21:55:56 [INFO]: User logged in {
  "email": "ngodat.it213@gmail.com"
}
2025-03-11 22:03:29 [INFO]: User logged in {
  "email": "ngodat.it213@gmail.com"
}
2025-03-11 22:04:02 [INFO]: User logged in {
  "email": "ngodat.it213@gmail.com"
}
2025-03-11 22:04:56 [INFO]: User logged in {
  "email": "ngodat.it213@gmail.com"
}
2025-03-11 22:05:29 [INFO]: User logged in {
  "email": "ngodat.it213@gmail.com"
}
2025-03-11 22:06:06 [INFO]: User logged in {
  "email": "ngodat.it213@gmail.com"
}
2025-03-11 22:06:55 [INFO]: User logged in {
  "email": "ngodat.it213@gmail.com"
}
2025-03-11 22:07:38 [INFO]: User logged in {
  "email": "ngodat.it213@gmail.com"
}
2025-03-11 22:08:12 [INFO]: User logged in {
  "email": "ngodat.it213@gmail.com"
}
2025-03-11 22:08:51 [INFO]: User logged in {
  "email": "ngodat.it213@gmail.com"
}
2025-03-11 22:09:14 [INFO]: User logged in {
  "email": "ngodat.it213@gmail.com"
}
2025-03-11 22:10:31 [INFO]: User logged in {
  "email": "ngodat.it213@gmail.com"
}
2025-03-11 22:11:58 [INFO]: User logged in {
  "email": "ngodat.it213@gmail.com"
}
2025-03-11 22:12:24 [INFO]: User logged in {
  "email": "ngodat.it213@gmail.com"
}
2025-03-11 22:12:58 [INFO]: User logged in {
  "email": "ngodat.it213@gmail.com"
}
2025-03-11 22:13:30 [INFO]: User logged in {
  "email": "ngodat.it213@gmail.com"
}
2025-03-11 22:16:31 [INFO]: User logged in {
  "email": "ngodat.it213@gmail.com"
}
2025-03-11 22:18:29 [INFO]: User logged in {
  "email": "ngodat.it213@gmail.com"
}
2025-03-11 22:20:10 [INFO]: User logged in {
  "email": "ngodat.it213@gmail.com"
}
2025-03-11 22:21:11 [INFO]: User logged in {
  "email": "ngodat.it213@gmail.com"
}
2025-03-11 22:23:35 [INFO]: User logged in {
  "email": "ngodat.it213@gmail.com"
}
2025-03-11 22:29:27 [INFO]: User logged in {
  "email": "ngodat.it213@gmail.com"
}
2025-03-11 22:35:53 [INFO]: User logged in {
  "email": "ngodat.it213@gmail.com"
}
2025-03-11 22:36:33 [INFO]: User logged in {
  "email": "ngodat.it213@gmail.com"
}
2025-03-11 22:37:12 [INFO]: User logged in {
  "email": "ngodat.it213@gmail.com"
}
2025-03-11 22:38:10 [INFO]: User logged in {
  "email": "ngodat.it213@gmail.com"
}
2025-03-11 22:39:10 [INFO]: User logged in {
  "email": "ngodat.it213@gmail.com"
}
2025-03-11 22:40:31 [INFO]: User logged in {
  "email": "ngodat.it213@gmail.com"
}
2025-03-11 22:43:09 [INFO]: User logged in {
  "email": "ngodat.it213@gmail.com"
}
2025-03-11 22:43:37 [INFO]: User logged in {
  "email": "ngodat.it213@gmail.com"
}
2025-03-11 22:45:44 [INFO]: User logged in {
  "email": "ngodat.it213@gmail.com"
}
2025-03-11 22:46:03 [INFO]: User logged in {
  "email": "ngodat.it213@gmail.com"
}
2025-03-11 22:58:41 [INFO]: User logged in {
  "email": "ngodat.it213@gmail.com"
}
2025-03-11 23:00:04 [INFO]: User logged in {
  "email": "ngodat.it213@gmail.com"
}
2025-03-11 23:00:21 [INFO]: User logged in {
  "email": "ngodat.it213@gmail.com"
}
2025-03-11 23:03:23 [INFO]: User logged in {
  "email": "ngodat.it213@gmail.com"
}
2025-03-11 23:03:55 [INFO]: User logged in {
  "email": "ngodat.it213@gmail.com"
}
2025-03-11 23:04:30 [INFO]: User logged in {
  "email": "ngodat.it213@gmail.com"
}
2025-03-11 23:07:14 [INFO]: User logged in {
  "email": "ngodat.it213@gmail.com"
}
2025-03-11 23:17:42 [INFO]: User logged in {
  "email": "ngodat.it213@gmail.com"
}
2025-03-12 17:29:53 [INFO]: Server is running on port 3333 
2025-03-12 17:29:53 [INFO]: Environment: development 
2025-03-12 17:29:53 [INFO]: API Documentation: http://localhost:3333/api-docs 
2025-03-12 17:29:56 [INFO]: Connected to MongoDB 
2025-03-12 17:49:28 [INFO]: User logged in {
  "email": "ngodat.it213@gmail.com"
}
2025-03-12 18:17:17 [INFO]: User logged in {
  "email": "ngodat.it213@gmail.com"
}
2025-03-12 18:17:33 [INFO]: User logged in {
  "email": "ngodat.it213@gmail.com"
}
2025-03-12 18:18:37 [INFO]: User logged in {
  "email": "ngodat.it213@gmail.com"
}
2025-03-12 18:20:01 [INFO]: User logged in {
  "email": "ngodat.it213@gmail.com"
}
2025-03-12 18:20:51 [INFO]: User logged in {
  "email": "ngodat.it213@gmail.com"
}
2025-03-12 18:21:18 [INFO]: User logged in {
  "email": "ngodat.it213@gmail.com"
}
2025-03-12 21:12:12 [ERROR]: User not found {
  "code": 400
}
2025-03-12 21:12:12 [ERROR]: User not found {
  "path": "/api/auth/verify-otp",
  "method": "POST",
  "body": {
    "email": "user@example.com",
    "otp": "810969"
  },
  "error": {
    "code": 400,
    "success": false,
    "error": null
  }
}
2025-03-12 21:32:09 [INFO]: User registered successfully {
  "userId": "67d19ae563c6c2759d742bc5"
}
2025-03-12 21:32:09 [INFO]: User registered {
  "email": "gangaldat.it.213@gmail.com"
}
2025-03-12 21:34:24 [INFO]: Mobile user registered {
  "userId": "67d19b6c63c6c2759d742bc9"
}
2025-03-12 21:34:24 [INFO]: Mobile user registered {
  "email": "ganagaldat.it.213@gmail.com"
}
2025-03-12 21:35:01 [INFO]: Mobile user registered {
  "userId": "67d19b9163c6c2759d742bce"
}
2025-03-12 21:35:01 [INFO]: Mobile user registered {
  "email": "gangaldat.it.213@gmail.com"
}
2025-03-12 21:35:18 [ERROR]: otp.invalid {
  "code": 400
}
2025-03-12 21:35:18 [ERROR]: otp.invalid {
  "path": "/api/auth/verify-otp",
  "method": "POST",
  "body": {
    "email": "gangaldat.it.213@gmail.com",
    "otp": "296325"
  },
  "error": {
    "code": 400,
    "success": false,
    "error": null
  }
}
2025-03-12 21:35:34 [INFO]: OTP verified successfully {
  "email": "gangaldat.it.213@gmail.com"
}
2025-03-12 21:35:34 [INFO]: OTP verified {
  "email": "gangaldat.it.213@gmail.com"
}
2025-03-12 21:35:54 [ERROR]: Invalid email or password {
  "code": 401
}
2025-03-12 21:35:54 [ERROR]: Invalid email or password {
  "path": "/api/auth/login",
  "method": "POST",
  "body": {
    "email": "gangaldat.it.213@gmail.com",
    "password": "123456789#!@"
  },
  "error": {
    "code": 401,
    "success": false
  }
}
2025-03-12 21:36:01 [INFO]: User logged in {
  "email": "gangaldat.it.213@gmail.com"
}
2025-03-12 21:36:02 [ERROR]: Class constructor ObjectId cannot be invoked without 'new' {}
2025-03-12 21:36:02 [ERROR]: Class constructor ObjectId cannot be invoked without 'new' {
  "path": "/api/users/profile",
  "method": "GET",
  "body": {},
  "error": {}
}
2025-03-12 21:36:03 [ERROR]: Invalid token {
  "path": "/api/users/teachers",
  "method": "GET",
  "body": {},
  "error": {
    "code": 401,
    "success": false
  }
}
2025-03-12 21:36:03 [ERROR]: Invalid token {
  "path": "/api/users/teachers",
  "method": "GET",
  "body": {},
  "error": {
    "code": 401,
    "success": false
  }
}
2025-03-12 21:36:35 [INFO]: User logged in {
  "email": "gangaldat.it.213@gmail.com"
}
2025-03-12 21:36:36 [ERROR]: Class constructor ObjectId cannot be invoked without 'new' {}
2025-03-12 21:36:36 [ERROR]: Class constructor ObjectId cannot be invoked without 'new' {
  "path": "/api/users/profile",
  "method": "GET",
  "body": {},
  "error": {}
}
2025-03-12 21:36:36 [ERROR]: Invalid token {
  "path": "/api/users/teachers",
  "method": "GET",
  "body": {},
  "error": {
    "code": 401,
    "success": false
  }
}
2025-03-12 21:36:36 [ERROR]: Invalid token {
  "path": "/api/users/teachers",
  "method": "GET",
  "body": {},
  "error": {
    "code": 401,
    "success": false
  }
}
2025-03-12 21:37:06 [INFO]: User logged in {
  "email": "gangaldat.it.213@gmail.com"
}
2025-03-12 21:37:22 [ERROR]: Class constructor ObjectId cannot be invoked without 'new' {}
2025-03-12 21:37:22 [ERROR]: Class constructor ObjectId cannot be invoked without 'new' {
  "path": "/api/users/profile",
  "method": "GET",
  "body": {},
  "error": {}
}
2025-03-12 21:38:51 [INFO]: Server is running on port 3333 
2025-03-12 21:38:51 [INFO]: Environment: development 
2025-03-12 21:38:51 [INFO]: API Documentation: http://localhost:3333/api-docs 
2025-03-12 21:38:55 [INFO]: Connected to MongoDB 
2025-03-12 21:39:28 [INFO]: User logged in {
  "email": "gangaldat.it.213@gmail.com"
}
2025-03-12 21:41:03 [INFO]: User logged in {
  "email": "ngodat.it213@gmail.com"
}
2025-03-12 21:41:37 [INFO]: User logged in {
  "email": "ngodat.it213@gmail.com"
}
2025-03-12 21:42:30 [INFO]: User logged in {
  "email": "ngodat.it213@gmail.com"
}
2025-03-12 21:50:11 [INFO]: Server is running on port 3333 
2025-03-12 21:50:11 [INFO]: Environment: development 
2025-03-12 21:50:11 [INFO]: API Documentation: http://localhost:3333/api-docs 
2025-03-12 21:50:14 [INFO]: Connected to MongoDB 
2025-03-12 21:51:03 [INFO]: Server is running on port 3333 
2025-03-12 21:51:03 [INFO]: Environment: development 
2025-03-12 21:51:03 [INFO]: API Documentation: http://localhost:3333/api-docs 
2025-03-12 21:51:07 [INFO]: Connected to MongoDB 
2025-03-12 21:51:10 [ERROR]: Cart validation failed: user_id: Path `user_id` is required. {}
2025-03-12 21:51:10 [ERROR]: Cart validation failed: user_id: Path `user_id` is required. {
  "path": "/api/cart",
  "method": "GET",
  "body": {},
  "error": {
    "errors": {
      "user_id": {
        "name": "ValidatorError",
        "message": "Path `user_id` is required.",
        "properties": {
          "message": "Path `user_id` is required.",
          "type": "required",
          "path": "user_id"
        },
        "kind": "required",
        "path": "user_id"
      }
    },
    "_message": "Cart validation failed",
    "name": "ValidationError",
    "message": "Cart validation failed: user_id: Path `user_id` is required."
  }
}
2025-03-12 21:51:32 [INFO]: Server is running on port 3333 
2025-03-12 21:51:32 [INFO]: Environment: development 
2025-03-12 21:51:32 [INFO]: API Documentation: http://localhost:3333/api-docs 
2025-03-12 21:51:37 [INFO]: Connected to MongoDB 
2025-03-12 21:55:20 [ERROR]: Cast to ObjectId failed for value "string" (type string) at path "_id" for model "Course" {}
2025-03-12 21:55:20 [ERROR]: Cast to ObjectId failed for value "string" (type string) at path "_id" for model "Course" {
  "path": "/api/cart/add",
  "method": "POST",
  "body": {
    "course_id": "string"
  },
  "error": {
    "stringValue": "\"string\"",
    "valueType": "string",
    "kind": "ObjectId",
    "value": "string",
    "path": "_id",
    "reason": {},
    "name": "CastError",
    "message": "Cast to ObjectId failed for value \"string\" (type string) at path \"_id\" for model \"Course\""
  }
}
2025-03-12 21:55:41 [ERROR]: cart.notFound {
  "code": 404
}
2025-03-12 21:55:41 [ERROR]: cart.notFound {
  "path": "/api/cart/remove",
  "method": "POST",
  "body": {
    "course_id": "string"
  },
  "error": {
    "code": 404,
    "success": false
  }
}
2025-03-12 21:55:52 [ERROR]: cart.notFound {
  "code": 404
}
2025-03-12 21:55:52 [ERROR]: cart.notFound {
  "path": "/api/cart/clear",
  "method": "POST",
  "body": {},
  "error": {
    "code": 404,
    "success": false
  }
}
2025-03-12 22:03:08 [ERROR]: Cart validation failed: user_id: Path `user_id` is required. {}
2025-03-12 22:03:08 [ERROR]: Cart validation failed: user_id: Path `user_id` is required. {
  "path": "/api/cart/add",
  "method": "POST",
  "body": {
    "course_id": "67c060782aaa9b16b68bc874"
  },
  "error": {
    "errors": {
      "user_id": {
        "name": "ValidatorError",
        "message": "Path `user_id` is required.",
        "properties": {
          "message": "Path `user_id` is required.",
          "type": "required",
          "path": "user_id"
        },
        "kind": "required",
        "path": "user_id"
      }
    },
    "_message": "Cart validation failed",
    "name": "ValidationError",
    "message": "Cart validation failed: user_id: Path `user_id` is required."
  }
}
2025-03-12 22:03:39 [INFO]: Server is running on port 3333 
2025-03-12 22:03:39 [INFO]: Environment: development 
2025-03-12 22:03:39 [INFO]: API Documentation: http://localhost:3333/api-docs 
2025-03-12 22:03:42 [INFO]: Connected to MongoDB 
2025-03-12 22:03:47 [ERROR]: cart.cannotAddOwnCourse {
  "code": 400
}
2025-03-12 22:03:47 [ERROR]: cart.cannotAddOwnCourse {
  "path": "/api/cart/add",
  "method": "POST",
  "body": {
    "course_id": "67c060782aaa9b16b68bc874"
  },
  "error": {
    "code": 400,
    "success": false,
    "error": null
  }
}
2025-03-12 22:04:45 [INFO]: Server is running on port 3333 
2025-03-12 22:04:45 [INFO]: Environment: development 
2025-03-12 22:04:45 [INFO]: API Documentation: http://localhost:3333/api-docs 
2025-03-12 22:04:49 [INFO]: Connected to MongoDB 
2025-03-12 22:09:08 [INFO]: Server is running on port 3333 
2025-03-12 22:09:08 [INFO]: Environment: development 
2025-03-12 22:09:08 [INFO]: API Documentation: http://localhost:3333/api-docs 
2025-03-12 22:09:12 [INFO]: Connected to MongoDB 
2025-03-12 22:10:41 [INFO]: User logged in {
  "email": "ngodat.it213@gmail.com"
}
2025-03-13 13:12:07 [INFO]: Server is running on port 3333 
2025-03-13 13:12:07 [INFO]: Environment: development 
2025-03-13 13:12:07 [INFO]: API Documentation: http://localhost:3333/api-docs 
2025-03-13 13:12:10 [INFO]: Connected to MongoDB 
2025-03-13 13:12:28 [INFO]: User logged in {
  "email": "ngodat.it213@gmail.com"
}
2025-03-13 13:16:38 [INFO]: User logged in {
  "email": "ngodat.it213@gmail.com"
}
2025-03-13 13:17:34 [ERROR]: cart.courseNotInCart {
  "code": 404
}
2025-03-13 13:17:34 [ERROR]: cart.courseNotInCart {
  "path": "/api/cart/remove",
  "method": "POST",
  "body": {
    "course_id": "67d27862d133254c78b099fa"
  },
  "error": {
    "code": 404,
    "success": false
  }
}
2025-03-13 13:24:49 [INFO]: User logged in {
  "email": "ngodat.it213@gmail.com"
}
2025-03-13 13:30:04 [INFO]: User logged in {
  "email": "ngodat.it213@gmail.com"
}
